<?xml version="1.0" encoding="UTF-8"?>
<testsuite name="com.epam.esm.impl.TagServiceImplTest" tests="1" skipped="0" failures="0" errors="0" timestamp="2021-04-12T08:50:32" hostname="DESKTOP-EUNDFIT" time="0.027">
  <properties/>
  <testcase name="throwsExceptionReadTagByIdTest()" classname="com.epam.esm.impl.TagServiceImplTest" time="0.027"/>
  <system-out><![CDATA[]]></system-out>
  <system-err><![CDATA[]]></system-err>
</testsuite>
